<?xml version="1.0" encoding="UTF-8"?>
<!-- Generated by org.testng.reporters.JUnitReportReporter -->
<testsuite hostname="QT-INBG-LT0532" failures="0" tests="1" name="Mobileworldnew.Latestmobile" time="73.149" errors="0" timestamp="2022-07-15T12:59:26 IST" skipped="0">
  <testcase classname="Mobileworldnew.Latestmobile" name="Latest" time="73.149"/>
  <system-out/>
</testsuite> <!-- Mobileworldnew.Latestmobile -->
