<?xml version="1.0" encoding="UTF-8"?>
<!-- Generated by org.testng.reporters.JUnitReportReporter -->
<testsuite hostname="QT-INBG-LT0532" failures="0" tests="2" name="Mobileworldnew.Order" time="33.460" errors="0" timestamp="2022-07-14T17:13:41 IST" skipped="0">
  <testcase classname="Mobileworldnew.Order" name="Orderinfo" time="16.310"/>
  <system-out/>
  <testcase classname="Mobileworldnew.Order" name="Orderinfo" time="17.150"/>
  <system-out/>
</testsuite> <!-- Mobileworldnew.Order -->
