<?xml version="1.0" encoding="UTF-8"?>
<!-- Generated by org.testng.reporters.JUnitReportReporter -->
<testsuite hostname="QT-INBG-LT0532" failures="0" tests="2" name="Mobileworldnew.Allmobiles" time="32.662" errors="0" timestamp="2022-07-20T11:35:03 IST" skipped="0">
  <testcase classname="Mobileworldnew.Allmobiles" name="Latest" time="14.726"/>
  <system-out/>
  <testcase classname="Mobileworldnew.Allmobiles" name="Latest" time="17.936"/>
  <system-out/>
</testsuite> <!-- Mobileworldnew.Allmobiles -->
