<?xml version="1.0" encoding="UTF-8"?>
<!-- Generated by org.testng.reporters.JUnitReportReporter -->
<testsuite hostname="QT-INBG-LT0532" failures="0" tests="2" name="Mobileworldnew.Loginmobile" time="12.449" errors="0" timestamp="2022-07-19T12:19:52 IST" skipped="0">
  <testcase classname="Mobileworldnew.Loginmobile" name="Login1" time="5.249"/>
  <system-out/>
  <testcase classname="Mobileworldnew.Loginmobile" name="Login1" time="7.200"/>
  <system-out/>
</testsuite> <!-- Mobileworldnew.Loginmobile -->
