<?xml version="1.0" encoding="UTF-8"?>
<!-- Generated by org.testng.reporters.JUnitReportReporter -->
<testsuite hostname="QT-INBG-LT0532" failures="0" tests="2" name="Mobileworldnew.Support" time="18.801" errors="0" timestamp="2022-07-14T17:57:54 IST" skipped="0">
  <testcase classname="Mobileworldnew.Support" name="Supportcontact" time="7.557"/>
  <system-out/>
  <testcase classname="Mobileworldnew.Support" name="Supportcontact" time="11.244"/>
  <system-out/>
</testsuite> <!-- Mobileworldnew.Support -->
